<?xml version="1.0" encoding="UTF-8"?>
<!-- Generated by org.testng.reporters.JUnitReportReporter -->
<testsuite hostname="LENRADRYZ-1" failures="0" tests="1" name="com.automation1.testcases.LoginApp" time="6.079" errors="0" timestamp="2023-02-17T02:19:54 IST" skipped="0">
  <testcase classname="com.automation1.testcases.LoginApp" name="logApp" time="6.079"/>
  <system-out/>
</testsuite> <!-- com.automation1.testcases.LoginApp -->
