<?xml version="1.0" encoding="UTF-8"?>
<!-- Generated by org.testng.reporters.JUnitReportReporter -->
<testsuite hostname="LAPTOP-KKFUQ4EJ" failures="0" tests="1" name="com.automation1.testcases.LoginApp" time="8.273" errors="0" timestamp="2023-02-11T19:42:01 IST" skipped="0">
  <testcase classname="com.automation1.testcases.LoginApp" name="logApp" time="8.273"/>
  <system-out/>
</testsuite> <!-- com.automation1.testcases.LoginApp -->
