<?xml version="1.0" encoding="UTF-8"?>
<!-- Generated by org.testng.reporters.JUnitReportReporter -->
<testsuite hostname="LENRADRYZ-1" failures="0" tests="1" name="com.automation1.testcases.LoginApp" time="2.739" errors="0" timestamp="2023-02-17T01:23:47 IST" skipped="0">
  <testcase classname="com.automation1.testcases.LoginApp" name="logApp" time="2.739"/>
  <system-out/>
</testsuite> <!-- com.automation1.testcases.LoginApp -->
