<?xml version="1.0" encoding="UTF-8"?>
<!-- Generated by org.testng.reporters.JUnitReportReporter -->
<testsuite hostname="LENRADRYZ-1" failures="0" tests="1" name="com.automation1.testcases.TestCaseWithoutFramework" time="5.570" errors="0" timestamp="2023-02-16T22:42:32 IST" skipped="0">
  <testcase classname="com.automation1.testcases.TestCaseWithoutFramework" name="test1" time="5.570"/>
  <system-out/>
</testsuite> <!-- com.automation1.testcases.TestCaseWithoutFramework -->
